<?xml version="1.0" encoding="UTF-8"?>
<!-- Generated by org.testng.reporters.JUnitXMLReporter -->
<testsuite ignored="0" hostname="Cecill-NB" failures="1" tests="6" name="Chrome Browser Testing" time="36.397" errors="0" timestamp="2025-02-08T14:43:23 SAST">
  <testcase classname="web.test.WebPlaceOrder" name="login" time="4.144"/>
  <testcase classname="web.test.WebPlaceOrder" name="addItemsToCart" time="4.499"/>
  <testcase classname="web.test.WebPlaceOrder" name="viewAndVeryfiyCartItems" time="4.623"/>
  <testcase classname="web.test.WebPlaceOrder" name="checkOutProcess" time="7.245"/>
  <testcase classname="web.test.WebPlaceOrder" name="finishCheckOut" time="0.383"/>
  <testcase classname="web.test.WebPlaceOrder" name="logOut" time="0.834">
    <failure type="java.lang.AssertionError" message="expected [https://www.saucedemo.com/] but found [https://www.saucedemo.com/checkout-complete.html]">
      <![CDATA[java.lang.AssertionError: expected [https://www.saucedemo.com/] but found [https://www.saucedemo.com/checkout-complete.html]
at test.pages.web.WebSideMenu.checkLoggedOutUrls(WebSideMenu.java:42)
at web.test.WebPlaceOrder.logOut(WebPlaceOrder.java:114)
at java.base/java.util.ArrayList.forEach(ArrayList.java:1597)
... Removed 31 stack frames]]>
    </failure>
  </testcase> <!-- logOut -->
</testsuite> <!-- Chrome Browser Testing -->
