<?xml version="1.0" encoding="UTF-8"?>
<!-- Generated by org.testng.reporters.JUnitXMLReporter -->
<testsuite ignored="0" hostname="Cecill-NB" failures="1" tests="6" name="edge Browser Testing" time="33.128" errors="0" timestamp="2025-02-08T14:43:56 SAST">
  <testcase classname="web.test.WebPlaceOrder" name="login" time="2.032"/>
  <testcase classname="web.test.WebPlaceOrder" name="addItemsToCart" time="5.175"/>
  <testcase classname="web.test.WebPlaceOrder" name="viewAndVeryfiyCartItems" time="4.395"/>
  <testcase classname="web.test.WebPlaceOrder" name="checkOutProcess" time="7.543"/>
  <testcase classname="web.test.WebPlaceOrder" name="finishCheckOut" time="0.266"/>
  <testcase classname="web.test.WebPlaceOrder" name="logOut" time="1.239">
    <failure type="java.lang.AssertionError" message="expected [https://www.saucedemo.com/] but found [https://www.saucedemo.com/checkout-complete.html]">
      <![CDATA[java.lang.AssertionError: expected [https://www.saucedemo.com/] but found [https://www.saucedemo.com/checkout-complete.html]
at test.pages.web.WebSideMenu.checkLoggedOutUrls(WebSideMenu.java:42)
at web.test.WebPlaceOrder.logOut(WebPlaceOrder.java:114)
at java.base/java.util.ArrayList.forEach(ArrayList.java:1597)
... Removed 31 stack frames]]>
    </failure>
  </testcase> <!-- logOut -->
</testsuite> <!-- edge Browser Testing -->
