<?xml version="1.0" encoding="UTF-8"?>
<testng-results ignored="0" total="12" passed="10" failed="2" skipped="0">
  <reporter-output>
  </reporter-output>
  <suite started-at="2025-02-08T14:42:46 SAST" name="Parallel Execution Suite" finished-at="2025-02-08T14:43:56 SAST" duration-ms="70254">
    <groups>
    </groups>
    <test started-at="2025-02-08T14:42:46 SAST" name="Chrome Browser Testing" finished-at="2025-02-08T14:43:22 SAST" duration-ms="36397">
      <class name="web.test.WebPlaceOrder">
        <test-method is-config="true" signature="startDriver(java.lang.String,java.lang.String,java.lang.String)[pri:0, instance:web.test.WebPlaceOrder@75db5df9]" started-at="2025-02-08T14:42:46 SAST" name="startDriver" finished-at="2025-02-08T14:42:51 SAST" duration-ms="5174" status="PASS">
          <params>
            <param index="0">
              <value>
                <![CDATA[chrome]]>
              </value>
            </param>
            <param index="1">
              <value>
                <![CDATA[https://www.saucedemo.com/]]>
              </value>
            </param>
            <param index="2">
              <value>
                <![CDATA[http://127.0.0.1:4444]]>
              </value>
            </param>
          </params>
          <reporter-output>
          </reporter-output>
        </test-method> <!-- startDriver -->
        <test-method signature="login()[pri:1, instance:web.test.WebPlaceOrder@75db5df9]" started-at="2025-02-08T14:42:51 SAST" name="login" finished-at="2025-02-08T14:42:55 SAST" duration-ms="4144" status="PASS">
          <reporter-output>
          </reporter-output>
        </test-method> <!-- login -->
        <test-method signature="addItemsToCart()[pri:2, instance:web.test.WebPlaceOrder@75db5df9]" started-at="2025-02-08T14:42:55 SAST" name="addItemsToCart" finished-at="2025-02-08T14:43:00 SAST" duration-ms="4499" status="PASS">
          <reporter-output>
          </reporter-output>
        </test-method> <!-- addItemsToCart -->
        <test-method signature="viewAndVeryfiyCartItems()[pri:3, instance:web.test.WebPlaceOrder@75db5df9]" started-at="2025-02-08T14:43:00 SAST" name="viewAndVeryfiyCartItems" finished-at="2025-02-08T14:43:04 SAST" duration-ms="4623" status="PASS">
          <reporter-output>
          </reporter-output>
        </test-method> <!-- viewAndVeryfiyCartItems -->
        <test-method signature="checkOutProcess()[pri:4, instance:web.test.WebPlaceOrder@75db5df9]" started-at="2025-02-08T14:43:04 SAST" name="checkOutProcess" finished-at="2025-02-08T14:43:12 SAST" duration-ms="7245" status="PASS">
          <reporter-output>
          </reporter-output>
        </test-method> <!-- checkOutProcess -->
        <test-method signature="finishCheckOut()[pri:5, instance:web.test.WebPlaceOrder@75db5df9]" started-at="2025-02-08T14:43:12 SAST" name="finishCheckOut" finished-at="2025-02-08T14:43:12 SAST" duration-ms="383" status="PASS">
          <reporter-output>
          </reporter-output>
        </test-method> <!-- finishCheckOut -->
        <test-method signature="logOut()[pri:6, instance:web.test.WebPlaceOrder@75db5df9]" started-at="2025-02-08T14:43:12 SAST" name="logOut" finished-at="2025-02-08T14:43:13 SAST" duration-ms="834" status="FAIL">
          <exception class="java.lang.AssertionError">
            <message>
              <![CDATA[expected [https://www.saucedemo.com/] but found [https://www.saucedemo.com/checkout-complete.html]]]>
            </message>
            <full-stacktrace>
              <![CDATA[java.lang.AssertionError: expected [https://www.saucedemo.com/] but found [https://www.saucedemo.com/checkout-complete.html]
at org.testng.Assert.fail(Assert.java:110)
at org.testng.Assert.failNotEquals(Assert.java:1577)
at org.testng.Assert.assertEqualsImpl(Assert.java:149)
at org.testng.Assert.assertEquals(Assert.java:131)
at org.testng.Assert.assertEquals(Assert.java:655)
at org.testng.Assert.assertEquals(Assert.java:665)
at test.pages.web.WebSideMenu.checkLoggedOutUrls(WebSideMenu.java:42)
at web.test.WebPlaceOrder.logOut(WebPlaceOrder.java:114)
at java.base/jdk.internal.reflect.DirectMethodHandleAccessor.invoke(DirectMethodHandleAccessor.java:103)
at java.base/java.lang.reflect.Method.invoke(Method.java:580)
at org.testng.internal.invokers.MethodInvocationHelper.invokeMethod(MethodInvocationHelper.java:139)
at org.testng.internal.invokers.TestInvoker.invokeMethod(TestInvoker.java:677)
at org.testng.internal.invokers.TestInvoker.invokeTestMethod(TestInvoker.java:221)
at org.testng.internal.invokers.MethodRunner.runInSequence(MethodRunner.java:50)
at org.testng.internal.invokers.TestInvoker$MethodInvocationAgent.invoke(TestInvoker.java:969)
at org.testng.internal.invokers.TestInvoker.invokeTestMethods(TestInvoker.java:194)
at org.testng.internal.invokers.TestMethodWorker.invokeTestMethods(TestMethodWorker.java:148)
at org.testng.internal.invokers.TestMethodWorker.run(TestMethodWorker.java:128)
at java.base/java.util.ArrayList.forEach(ArrayList.java:1597)
at org.testng.TestRunner.privateRun(TestRunner.java:829)
at org.testng.TestRunner.run(TestRunner.java:602)
at org.testng.SuiteRunner.runTest(SuiteRunner.java:437)
at org.testng.SuiteRunner.runSequentially(SuiteRunner.java:431)
at org.testng.SuiteRunner.privateRun(SuiteRunner.java:391)
at org.testng.SuiteRunner.run(SuiteRunner.java:330)
at org.testng.SuiteRunnerWorker.runSuite(SuiteRunnerWorker.java:52)
at org.testng.SuiteRunnerWorker.run(SuiteRunnerWorker.java:95)
at org.testng.TestNG.runSuitesSequentially(TestNG.java:1256)
at org.testng.TestNG.runSuitesLocally(TestNG.java:1176)
at org.testng.TestNG.runSuites(TestNG.java:1099)
at org.testng.TestNG.run(TestNG.java:1067)
at org.testng.remote.AbstractRemoteTestNG.run(AbstractRemoteTestNG.java:115)
at org.testng.remote.RemoteTestNG.initAndRun(RemoteTestNG.java:293)
at org.testng.remote.RemoteTestNG.main(RemoteTestNG.java:91)
]]>
            </full-stacktrace>
          </exception> <!-- java.lang.AssertionError -->
          <reporter-output>
          </reporter-output>
        </test-method> <!-- logOut -->
        <test-method is-config="true" signature="closeSession()[pri:0, instance:web.test.WebPlaceOrder@75db5df9]" started-at="2025-02-08T14:43:13 SAST" name="closeSession" finished-at="2025-02-08T14:43:22 SAST" duration-ms="9139" status="PASS">
          <reporter-output>
          </reporter-output>
        </test-method> <!-- closeSession -->
      </class> <!-- web.test.WebPlaceOrder -->
    </test> <!-- Chrome Browser Testing -->
    <test started-at="2025-02-08T14:43:23 SAST" name="edge Browser Testing" finished-at="2025-02-08T14:43:56 SAST" duration-ms="33128">
      <class name="web.test.WebPlaceOrder">
        <test-method is-config="true" signature="startDriver(java.lang.String,java.lang.String,java.lang.String)[pri:0, instance:web.test.WebPlaceOrder@610f7aa]" started-at="2025-02-08T14:43:23 SAST" name="startDriver" finished-at="2025-02-08T14:43:26 SAST" duration-ms="2820" status="PASS">
          <params>
            <param index="0">
              <value>
                <![CDATA[edge]]>
              </value>
            </param>
            <param index="1">
              <value>
                <![CDATA[https://www.saucedemo.com/]]>
              </value>
            </param>
            <param index="2">
              <value>
                <![CDATA[http://127.0.0.1:4444]]>
              </value>
            </param>
          </params>
          <reporter-output>
          </reporter-output>
        </test-method> <!-- startDriver -->
        <test-method signature="login()[pri:1, instance:web.test.WebPlaceOrder@610f7aa]" started-at="2025-02-08T14:43:26 SAST" name="login" finished-at="2025-02-08T14:43:28 SAST" duration-ms="2032" status="PASS">
          <reporter-output>
          </reporter-output>
        </test-method> <!-- login -->
        <test-method signature="addItemsToCart()[pri:2, instance:web.test.WebPlaceOrder@610f7aa]" started-at="2025-02-08T14:43:28 SAST" name="addItemsToCart" finished-at="2025-02-08T14:43:33 SAST" duration-ms="5175" status="PASS">
          <reporter-output>
          </reporter-output>
        </test-method> <!-- addItemsToCart -->
        <test-method signature="viewAndVeryfiyCartItems()[pri:3, instance:web.test.WebPlaceOrder@610f7aa]" started-at="2025-02-08T14:43:33 SAST" name="viewAndVeryfiyCartItems" finished-at="2025-02-08T14:43:37 SAST" duration-ms="4395" status="PASS">
          <reporter-output>
          </reporter-output>
        </test-method> <!-- viewAndVeryfiyCartItems -->
        <test-method signature="checkOutProcess()[pri:4, instance:web.test.WebPlaceOrder@610f7aa]" started-at="2025-02-08T14:43:37 SAST" name="checkOutProcess" finished-at="2025-02-08T14:43:45 SAST" duration-ms="7543" status="PASS">
          <reporter-output>
          </reporter-output>
        </test-method> <!-- checkOutProcess -->
        <test-method signature="finishCheckOut()[pri:5, instance:web.test.WebPlaceOrder@610f7aa]" started-at="2025-02-08T14:43:45 SAST" name="finishCheckOut" finished-at="2025-02-08T14:43:45 SAST" duration-ms="266" status="PASS">
          <reporter-output>
          </reporter-output>
        </test-method> <!-- finishCheckOut -->
        <test-method signature="logOut()[pri:6, instance:web.test.WebPlaceOrder@610f7aa]" started-at="2025-02-08T14:43:45 SAST" name="logOut" finished-at="2025-02-08T14:43:46 SAST" duration-ms="1239" status="FAIL">
          <exception class="java.lang.AssertionError">
            <message>
              <![CDATA[expected [https://www.saucedemo.com/] but found [https://www.saucedemo.com/checkout-complete.html]]]>
            </message>
            <full-stacktrace>
              <![CDATA[java.lang.AssertionError: expected [https://www.saucedemo.com/] but found [https://www.saucedemo.com/checkout-complete.html]
at org.testng.Assert.fail(Assert.java:110)
at org.testng.Assert.failNotEquals(Assert.java:1577)
at org.testng.Assert.assertEqualsImpl(Assert.java:149)
at org.testng.Assert.assertEquals(Assert.java:131)
at org.testng.Assert.assertEquals(Assert.java:655)
at org.testng.Assert.assertEquals(Assert.java:665)
at test.pages.web.WebSideMenu.checkLoggedOutUrls(WebSideMenu.java:42)
at web.test.WebPlaceOrder.logOut(WebPlaceOrder.java:114)
at java.base/jdk.internal.reflect.DirectMethodHandleAccessor.invoke(DirectMethodHandleAccessor.java:103)
at java.base/java.lang.reflect.Method.invoke(Method.java:580)
at org.testng.internal.invokers.MethodInvocationHelper.invokeMethod(MethodInvocationHelper.java:139)
at org.testng.internal.invokers.TestInvoker.invokeMethod(TestInvoker.java:677)
at org.testng.internal.invokers.TestInvoker.invokeTestMethod(TestInvoker.java:221)
at org.testng.internal.invokers.MethodRunner.runInSequence(MethodRunner.java:50)
at org.testng.internal.invokers.TestInvoker$MethodInvocationAgent.invoke(TestInvoker.java:969)
at org.testng.internal.invokers.TestInvoker.invokeTestMethods(TestInvoker.java:194)
at org.testng.internal.invokers.TestMethodWorker.invokeTestMethods(TestMethodWorker.java:148)
at org.testng.internal.invokers.TestMethodWorker.run(TestMethodWorker.java:128)
at java.base/java.util.ArrayList.forEach(ArrayList.java:1597)
at org.testng.TestRunner.privateRun(TestRunner.java:829)
at org.testng.TestRunner.run(TestRunner.java:602)
at org.testng.SuiteRunner.runTest(SuiteRunner.java:437)
at org.testng.SuiteRunner.runSequentially(SuiteRunner.java:431)
at org.testng.SuiteRunner.privateRun(SuiteRunner.java:391)
at org.testng.SuiteRunner.run(SuiteRunner.java:330)
at org.testng.SuiteRunnerWorker.runSuite(SuiteRunnerWorker.java:52)
at org.testng.SuiteRunnerWorker.run(SuiteRunnerWorker.java:95)
at org.testng.TestNG.runSuitesSequentially(TestNG.java:1256)
at org.testng.TestNG.runSuitesLocally(TestNG.java:1176)
at org.testng.TestNG.runSuites(TestNG.java:1099)
at org.testng.TestNG.run(TestNG.java:1067)
at org.testng.remote.AbstractRemoteTestNG.run(AbstractRemoteTestNG.java:115)
at org.testng.remote.RemoteTestNG.initAndRun(RemoteTestNG.java:293)
at org.testng.remote.RemoteTestNG.main(RemoteTestNG.java:91)
]]>
            </full-stacktrace>
          </exception> <!-- java.lang.AssertionError -->
          <reporter-output>
          </reporter-output>
        </test-method> <!-- logOut -->
        <test-method is-config="true" signature="closeSession()[pri:0, instance:web.test.WebPlaceOrder@610f7aa]" started-at="2025-02-08T14:43:46 SAST" name="closeSession" finished-at="2025-02-08T14:43:56 SAST" duration-ms="9633" status="PASS">
          <reporter-output>
          </reporter-output>
        </test-method> <!-- closeSession -->
      </class> <!-- web.test.WebPlaceOrder -->
    </test> <!-- edge Browser Testing -->
  </suite> <!-- Parallel Execution Suite -->
</testng-results>
